ARM GAS  md1.s 			page 1


   1              	    .text
   2              	    .align 2
   3              	    .global asum
   4              	asum:
   5 0000 000050E3 	    CMP r0, #0
   6 0004 0C0000DA 	    BLE error
   7 0008 010050E3 	    CMP r0, #1
   8 000c 0B0000BA 	    BLT exit
   9              	
  10 0010 011080E2 	    ADD r1, r0, #1
  11 0014 0130A0E1 	    MOV r3, r1
  12 0018 0020A0E1 	    MOV r2, r0
  13 001c 010000EB 	    BL multiply
  14 0020 A300A0E1 	    LSR r0, r3, #1
  15 0024 050000EA 	    B exit
  16              	
  17              	multiply:
  18 0028 033081E0 	    ADD r3, r1, r3
  19 002c 012042E2 	    SUB r2, r2, #1
  20 0030 010052E3 	    CMP r2, #1
  21 0034 FBFFFFCA 	    BGT multiply
  22 0038 1EFF2FE1 	    BX lr
  23              	
  24              	error:
  25 003c 0000A0E3 	    MOV r0, #0
  26              	
  27              	exit:
